[35m[1mScanning dependencies of target person_node[0m
[ 50%] Built target ros2_cpp_node
[ 75%] [32mBuilding CXX object CMakeFiles/person_node.dir/src/person.cpp.o[0m
[01m[K/home/qiu/ros2024/kunkun_chapter2_ws/hellopublic/src/qiu_1cpp_pkg/src/person.cpp:[m[K In function â€˜[01m[Kint main(int, char**)[m[Kâ€™:
[01m[K/home/qiu/ros2024/kunkun_chapter2_ws/hellopublic/src/qiu_1cpp_pkg/src/person.cpp:23:25:[m[K [01;31m[Kerror: [m[Kinvalid conversion from â€˜[01m[Kconst char*[m[Kâ€™ to â€˜[01m[Kint[m[Kâ€™ [[01;31m[K-fpermissive[m[K]
     person p("kunkun",11[01;31m[K)[m[K;
                         [01;31m[K^[m[K
[01m[K/home/qiu/ros2024/kunkun_chapter2_ws/hellopublic/src/qiu_1cpp_pkg/src/person.cpp:8:20:[m[K [01;36m[Knote: [m[K  initializing argument 1 of â€˜[01m[Kperson::person(int, int)[m[Kâ€™
         person([01;36m[Kint name[m[K,int age):m_name(name),m_age(age){}
                [01;36m[K~~~~^~~~[m[K
[01m[K/home/qiu/ros2024/kunkun_chapter2_ws/hellopublic/src/qiu_1cpp_pkg/src/person.cpp:20:14:[m[K [01;35m[Kwarning: [m[Kunused parameter â€˜[01m[Kargc[m[Kâ€™ [[01;35m[K-Wunused-parameter[m[K]
 int main([01;35m[Kint argc[m[K,char**argv)
          [01;35m[K~~~~^~~~[m[K
[01m[K/home/qiu/ros2024/kunkun_chapter2_ws/hellopublic/src/qiu_1cpp_pkg/src/person.cpp:20:25:[m[K [01;35m[Kwarning: [m[Kunused parameter â€˜[01m[Kargv[m[Kâ€™ [[01;35m[K-Wunused-parameter[m[K]
 int main(int argc,[01;35m[Kchar**argv[m[K)
                   [01;35m[K~~~~~~^~~~[m[K
make[2]: *** [CMakeFiles/person_node.dir/build.make:63: CMakeFiles/person_node.dir/src/person.cpp.o] Error 1
make[1]: *** [CMakeFiles/Makefile2:107: CMakeFiles/person_node.dir/all] Error 2
make: *** [Makefile:141: all] Error 2
