[ 25%] [32mBuilding CXX object CMakeFiles/person_node.dir/src/person.cpp.o[0m
[ 75%] Built target ros2_cpp_node
In file included from [01m[K/home/qiu/ros2024/kunkun_chapter2_ws/hellopublic/src/qiu_1cpp_pkg/src/person.cpp:4[m[K:
[01m[K/home/qiu/ros2024/kunkun_chapter2_ws/hellopublic/src/qiu_1cpp_pkg/src/../include/qiu_1cpp_pkg/person.hpp:9:1:[m[K [01;31m[Kerror: [m[Kexpected class-name before â€˜[01m[K{[m[Kâ€™ token
 [01;31m[K{[m[K
 [01;31m[K^[m[K
[01m[K/home/qiu/ros2024/kunkun_chapter2_ws/hellopublic/src/qiu_1cpp_pkg/src/person.cpp:[m[K In function â€˜[01m[Kint main(int, char**)[m[Kâ€™:
[01m[K/home/qiu/ros2024/kunkun_chapter2_ws/hellopublic/src/qiu_1cpp_pkg/src/person.cpp:8:14:[m[K [01;35m[Kwarning: [m[Kunused parameter â€˜[01m[Kargc[m[Kâ€™ [[01;35m[K-Wunused-parameter[m[K]
 int main([01;35m[Kint argc[m[K,char**argv)
          [01;35m[K~~~~^~~~[m[K
[01m[K/home/qiu/ros2024/kunkun_chapter2_ws/hellopublic/src/qiu_1cpp_pkg/src/person.cpp:8:25:[m[K [01;35m[Kwarning: [m[Kunused parameter â€˜[01m[Kargv[m[Kâ€™ [[01;35m[K-Wunused-parameter[m[K]
 int main(int argc,[01;35m[Kchar**argv[m[K)
                   [01;35m[K~~~~~~^~~~[m[K
make[2]: *** [CMakeFiles/person_node.dir/build.make:63: CMakeFiles/person_node.dir/src/person.cpp.o] Error 1
make[1]: *** [CMakeFiles/Makefile2:107: CMakeFiles/person_node.dir/all] Error 2
make: *** [Makefile:141: all] Error 2
